<?xml version="1.0" encoding="UTF-8"?>
<coverage generated="1609591924865" clover="3.2.0">
  <project timestamp="1609591924865" name="All files">
    <metrics statements="9" coveredstatements="6" conditionals="6" coveredconditionals="2" methods="3" coveredmethods="2" elements="18" coveredelements="10" complexity="0" loc="9" ncloc="9" packages="1" files="2" classes="2"/>
    <file name="filterByTerm.js" path="/Users/zabuza/Documents/Web Development/Udacity/Front End Development/Projects/udacity-fe-project-4/src/client/js/filterByTerm.js">
      <metrics statements="6" coveredstatements="6" conditionals="4" coveredconditionals="2" methods="2" coveredmethods="2"/>
      <line num="2" count="2" type="cond" truecount="1" falsecount="1"/>
      <line num="3" count="2" type="cond" truecount="1" falsecount="1"/>
      <line num="4" count="2" type="stmt"/>
      <line num="5" count="2" type="stmt"/>
      <line num="6" count="6" type="stmt"/>
      <line num="10" count="1" type="stmt"/>
    </file>
    <file name="validateInput.js" path="/Users/zabuza/Documents/Web Development/Udacity/Front End Development/Projects/udacity-fe-project-4/src/client/js/validateInput.js">
      <metrics statements="3" coveredstatements="0" conditionals="2" coveredconditionals="0" methods="1" coveredmethods="0"/>
      <line num="2" count="0" type="cond" truecount="0" falsecount="2"/>
      <line num="3" count="0" type="stmt"/>
      <line num="5" count="0" type="stmt"/>
    </file>
  </project>
</coverage>
